1101000000000000
1101000001000000
1010000001000000
1111000000000010
0001001000110010
1101000101000000
1101000010000000
1111010010111111
1001000000001010
1000000001011101
1111010010111010
1011010101000000
1011010110000010
0111110101000010
1000000000010000
1000000000011001
1001000000011011
1011010100000100
1010010101000000
0001100000110010
1001000000001010
1010010100000100
0001100000101001
1010010110000010
1001000000001010
1111010010000110
1100000000000000
1111010010111100
1011010101000000
1011010110000010
0010101101000001
0001000101101000
1010101100000000
1010010101000000
1010010111000010
0111111101000010
1000000000100110
1000000001010000
0010101011000001
0001000011011000
1010011011000000
0111011100000010
1000000000110001
1111110001000000
0001001000001010
0111101001000010
1000000000110001
0001101000101001
1000000000100110
0010111001000001
0001000001001000
1010001001000000
0111001100000010
1000000000110111
1000000000111110
1000000000111000
1010010011000000
0001011000011001
0111011111000010
1000000000111110
0001111000111010
1000000000110001
0111111101000010
1000000001000001
1000000000100011
1111010010111100
1011010101000000
1011010111000010
0010101001000001
0001000001001000
1010001101000000
0010111011000001
0001000011011000
1010011111000000
1011001111000000
1011011101000000
1010010101000000
1010010111000010
1111010010000100
1000000000100011
1010010101000000
0010101101000001
0001000101101000
1010101110000000
0010111100000001
0001000100100000
1010100011000000
1011100110000000
1011101011000000
1101000100000000
1111111100000000
1111010010000100
1100000000000000
1000000001011101
